Message received from 0 intended for 43 - 
  MWNL2_ASSIGNMENT(43.0)
Message received from 0 intended for 43 - 
  REQUEST({IMAGELENGTH=10, GAMENAME=Basic, WORLDHEIGHT=1200, WORLDWIDTH=1600})
Message received from 0 intended for 43 - 
  ENV(MESSAGES: [], GAMEINFO: {Score: 0.000000; Deaths: 0; High Score: 0.000000}, RADARLEVEL: 0, RADARDATA: null, SHIPDATA: {ROTATION=148.0, OWNERID=0, ENERGYRECHARGERATE=4.0, VALUE=0.0, MAXSHIELD=100.0, RADARRANGE=300, NUMSTORED=0, MAXHEALTH=100.0, CURHEALTH=100.0, SPEED=0.0, POSITION=[1399.0, 178.0], MASS=500, ID=281, MAXENERGY=100.0, TYPE=Ship, TIMEALIVE=0.0, HITRADIUS=28.0, DIRECTION=-0.0, ROTATIONSPEED=120.0, GRAVITY=0, CURSHIELD=100.0, NAME=arachnidsGrip, MAXSPEED=100.0, GRAVITYFIELDLENGTH=0, CURENERGY=100.0})
Message received from 0 intended for 43 - 
  ENV(MESSAGES: [], GAMEINFO: {Score: 0.000000; Deaths: 0; High Score: 0.000000}, RADARLEVEL: 0, RADARDATA: null, SHIPDATA: {ROTATION=148.0, OWNERID=0, ENERGYRECHARGERATE=4.0, VALUE=0.0, MAXSHIELD=100.0, RADARRANGE=300, NUMSTORED=0, MAXHEALTH=100.0, CURHEALTH=100.0, SPEED=0.0, POSITION=[1399.0, 178.0], MASS=500, ID=281, MAXENERGY=100.0, TYPE=Ship, TIMEALIVE=0.12000000000000001, HITRADIUS=28.0, DIRECTION=-0.0, ROTATIONSPEED=120.0, GRAVITY=0, CURSHIELD=100.0, NAME=arachnidsGrip, MAXSPEED=100.0, GRAVITYFIELDLENGTH=0, CURENERGY=100.0})
Message received from 0 intended for 43 - 
  ENV(MESSAGES: [], GAMEINFO: {Score: 0.000000; Deaths: 0; High Score: 0.000000}, RADARLEVEL: 0, RADARDATA: null, SHIPDATA: {ROTATION=148.0, OWNERID=0, ENERGYRECHARGERATE=4.0, VALUE=0.0, MAXSHIELD=100.0, RADARRANGE=300, NUMSTORED=0, MAXHEALTH=100.0, CURHEALTH=100.0, SPEED=0.0, POSITION=[1399.0, 178.0], MASS=500, ID=281, MAXENERGY=100.0, TYPE=Ship, TIMEALIVE=0.18, HITRADIUS=28.0, DIRECTION=-0.0, ROTATIONSPEED=120.0, GRAVITY=0, CURSHIELD=100.0, NAME=arachnidsGrip, MAXSPEED=100.0, GRAVITYFIELDLENGTH=0, CURENERGY=100.0})
Message received from 0 intended for 43 - 
  ENV(MESSAGES: [], GAMEINFO: {Score: 0.000000; Deaths: 0; High Score: 0.000000}, RADARLEVEL: 0, RADARDATA: null, SHIPDATA: {ROTATION=148.0, OWNERID=0, ENERGYRECHARGERATE=4.0, VALUE=0.0, MAXSHIELD=100.0, RADARRANGE=300, NUMSTORED=0, MAXHEALTH=100.0, CURHEALTH=100.0, SPEED=0.0, POSITION=[1399.0, 178.0], MASS=500, ID=281, MAXENERGY=100.0, TYPE=Ship, TIMEALIVE=0.25999999999999995, HITRADIUS=28.0, DIRECTION=-0.0, ROTATIONSPEED=120.0, GRAVITY=0, CURSHIELD=100.0, NAME=arachnidsGrip, MAXSPEED=100.0, GRAVITYFIELDLENGTH=0, CURENERGY=100.0})
Message received from 0 intended for 43 - 
  ENV(MESSAGES: [], GAMEINFO: {Score: 0.000000; Deaths: 0; High Score: 0.000000}, RADARLEVEL: 0, RADARDATA: null, SHIPDATA: {ROTATION=148.0, OWNERID=0, ENERGYRECHARGERATE=4.0, VALUE=0.0, MAXSHIELD=100.0, RADARRANGE=300, NUMSTORED=0, MAXHEALTH=100.0, CURHEALTH=100.0, SPEED=0.0, POSITION=[1399.0, 178.0], MASS=500, ID=281, MAXENERGY=100.0, TYPE=Ship, TIMEALIVE=0.32, HITRADIUS=28.0, DIRECTION=-0.0, ROTATIONSPEED=120.0, GRAVITY=0, CURSHIELD=100.0, NAME=arachnidsGrip, MAXSPEED=100.0, GRAVITYFIELDLENGTH=0, CURENERGY=100.0})
Message received from 0 intended for 43 - 
  ENV(MESSAGES: [], GAMEINFO: {Score: 0.000000; Deaths: 0; High Score: 0.000000}, RADARLEVEL: 0, RADARDATA: null, SHIPDATA: {ROTATION=148.0, OWNERID=0, ENERGYRECHARGERATE=4.0, VALUE=0.0, MAXSHIELD=100.0, RADARRANGE=300, NUMSTORED=0, MAXHEALTH=100.0, CURHEALTH=100.0, SPEED=0.0, POSITION=[1399.0, 178.0], MASS=500, ID=281, MAXENERGY=100.0, TYPE=Ship, TIMEALIVE=0.38000000000000006, HITRADIUS=28.0, DIRECTION=-0.0, ROTATIONSPEED=120.0, GRAVITY=0, CURSHIELD=100.0, NAME=arachnidsGrip, MAXSPEED=100.0, GRAVITYFIELDLENGTH=0, CURENERGY=100.0})
Message received from 0 intended for 43 - 
  ENV(MESSAGES: [], GAMEINFO: {Score: 0.000000; Deaths: 0; High Score: 0.000000}, RADARLEVEL: 0, RADARDATA: null, SHIPDATA: {ROTATION=148.0, OWNERID=0, ENERGYRECHARGERATE=4.0, VALUE=0.0, MAXSHIELD=100.0, RADARRANGE=300, NUMSTORED=0, MAXHEALTH=100.0, CURHEALTH=100.0, SPEED=0.0, POSITION=[1399.0, 178.0], MASS=500, ID=281, MAXENERGY=100.0, TYPE=Ship, TIMEALIVE=0.4400000000000001, HITRADIUS=28.0, DIRECTION=-0.0, ROTATIONSPEED=120.0, GRAVITY=0, CURSHIELD=100.0, NAME=arachnidsGrip, MAXSPEED=100.0, GRAVITYFIELDLENGTH=0, CURENERGY=100.0})
Message received from 0 intended for 43 - 
  ENV(MESSAGES: [], GAMEINFO: {Score: 0.000000; Deaths: 0; High Score: 0.000000}, RADARLEVEL: 0, RADARDATA: null, SHIPDATA: {ROTATION=148.0, OWNERID=0, ENERGYRECHARGERATE=4.0, VALUE=0.0, MAXSHIELD=100.0, RADARRANGE=300, NUMSTORED=0, MAXHEALTH=100.0, CURHEALTH=100.0, SPEED=0.0, POSITION=[1399.0, 178.0], MASS=500, ID=281, MAXENERGY=100.0, TYPE=Ship, TIMEALIVE=0.5000000000000001, HITRADIUS=28.0, DIRECTION=-0.0, ROTATIONSPEED=120.0, GRAVITY=0, CURSHIELD=100.0, NAME=arachnidsGrip, MAXSPEED=100.0, GRAVITYFIELDLENGTH=0, CURENERGY=100.0})
Message received from 0 intended for 43 - 
  ENV(MESSAGES: [], GAMEINFO: {Score: 0.000000; Deaths: 0; High Score: 0.000000}, RADARLEVEL: 0, RADARDATA: null, SHIPDATA: {ROTATION=148.0, OWNERID=0, ENERGYRECHARGERATE=4.0, VALUE=0.0, MAXSHIELD=100.0, RADARRANGE=300, NUMSTORED=0, MAXHEALTH=100.0, CURHEALTH=100.0, SPEED=0.0, POSITION=[1399.0, 178.0], MASS=500, ID=281, MAXENERGY=100.0, TYPE=Ship, TIMEALIVE=0.5600000000000002, HITRADIUS=28.0, DIRECTION=-0.0, ROTATIONSPEED=120.0, GRAVITY=0, CURSHIELD=100.0, NAME=arachnidsGrip, MAXSPEED=100.0, GRAVITYFIELDLENGTH=0, CURENERGY=100.0})
Message received from 0 intended for 43 - 
  ENV(MESSAGES: [], GAMEINFO: {Score: 0.000000; Deaths: 0; High Score: 0.000000}, RADARLEVEL: 0, RADARDATA: null, SHIPDATA: {ROTATION=148.0, OWNERID=0, ENERGYRECHARGERATE=4.0, VALUE=0.0, MAXSHIELD=100.0, RADARRANGE=300, NUMSTORED=0, MAXHEALTH=100.0, CURHEALTH=100.0, SPEED=0.0, POSITION=[1399.0, 178.0], MASS=500, ID=281, MAXENERGY=100.0, TYPE=Ship, TIMEALIVE=0.6200000000000002, HITRADIUS=28.0, DIRECTION=-0.0, ROTATIONSPEED=120.0, GRAVITY=0, CURSHIELD=100.0, NAME=arachnidsGrip, MAXSPEED=100.0, GRAVITYFIELDLENGTH=0, CURENERGY=100.0})
Message received from 0 intended for 43 - 
  ENV(MESSAGES: [], GAMEINFO: {Score: 0.000000; Deaths: 0; High Score: 0.000000}, RADARLEVEL: 0, RADARDATA: null, SHIPDATA: {ROTATION=148.0, OWNERID=0, ENERGYRECHARGERATE=4.0, VALUE=0.0, MAXSHIELD=100.0, RADARRANGE=300, NUMSTORED=0, MAXHEALTH=100.0, CURHEALTH=100.0, SPEED=0.0, POSITION=[1399.0, 178.0], MASS=500, ID=281, MAXENERGY=100.0, TYPE=Ship, TIMEALIVE=0.7000000000000003, HITRADIUS=28.0, DIRECTION=-0.0, ROTATIONSPEED=120.0, GRAVITY=0, CURSHIELD=100.0, NAME=arachnidsGrip, MAXSPEED=100.0, GRAVITYFIELDLENGTH=0, CURENERGY=100.0})
Message received from 0 intended for 43 - 
  ENV(MESSAGES: [], GAMEINFO: {Score: 0.000000; Deaths: 0; High Score: 0.000000}, RADARLEVEL: 0, RADARDATA: null, SHIPDATA: {ROTATION=148.0, OWNERID=0, ENERGYRECHARGERATE=4.0, VALUE=0.0, MAXSHIELD=100.0, RADARRANGE=300, NUMSTORED=0, MAXHEALTH=100.0, CURHEALTH=100.0, SPEED=0.0, POSITION=[1399.0, 178.0], MASS=500, ID=281, MAXENERGY=100.0, TYPE=Ship, TIMEALIVE=0.7600000000000003, HITRADIUS=28.0, DIRECTION=-0.0, ROTATIONSPEED=120.0, GRAVITY=0, CURSHIELD=100.0, NAME=arachnidsGrip, MAXSPEED=100.0, GRAVITYFIELDLENGTH=0, CURENERGY=100.0})
Message received from 0 intended for 43 - 
  ENV(MESSAGES: [], GAMEINFO: {Score: 0.000000; Deaths: 0; High Score: 0.000000}, RADARLEVEL: 0, RADARDATA: null, SHIPDATA: {ROTATION=148.0, OWNERID=0, ENERGYRECHARGERATE=4.0, VALUE=0.0, MAXSHIELD=100.0, RADARRANGE=300, NUMSTORED=0, MAXHEALTH=100.0, CURHEALTH=100.0, SPEED=0.0, POSITION=[1399.0, 178.0], MASS=500, ID=281, MAXENERGY=100.0, TYPE=Ship, TIMEALIVE=0.8200000000000004, HITRADIUS=28.0, DIRECTION=-0.0, ROTATIONSPEED=120.0, GRAVITY=0, CURSHIELD=100.0, NAME=arachnidsGrip, MAXSPEED=100.0, GRAVITYFIELDLENGTH=0, CURENERGY=100.0})
Message received from 0 intended for 43 - 
  ENV(MESSAGES: [], GAMEINFO: {Score: 0.000000; Deaths: 0; High Score: 0.000000}, RADARLEVEL: 0, RADARDATA: null, SHIPDATA: {ROTATION=148.0, OWNERID=0, ENERGYRECHARGERATE=4.0, VALUE=0.0, MAXSHIELD=100.0, RADARRANGE=300, NUMSTORED=0, MAXHEALTH=100.0, CURHEALTH=100.0, SPEED=0.0, POSITION=[1399.0, 178.0], MASS=500, ID=281, MAXENERGY=100.0, TYPE=Ship, TIMEALIVE=0.8800000000000004, HITRADIUS=28.0, DIRECTION=-0.0, ROTATIONSPEED=120.0, GRAVITY=0, CURSHIELD=100.0, NAME=arachnidsGrip, MAXSPEED=100.0, GRAVITYFIELDLENGTH=0, CURENERGY=100.0})
Message received from 0 intended for 43 - 
  ENV(MESSAGES: [], GAMEINFO: {Score: 0.000000; Deaths: 0; High Score: 0.000000}, RADARLEVEL: 0, RADARDATA: null, SHIPDATA: {ROTATION=148.0, OWNERID=0, ENERGYRECHARGERATE=4.0, VALUE=0.0, MAXSHIELD=100.0, RADARRANGE=300, NUMSTORED=0, MAXHEALTH=100.0, CURHEALTH=100.0, SPEED=0.0, POSITION=[1399.0, 178.0], MASS=500, ID=281, MAXENERGY=100.0, TYPE=Ship, TIMEALIVE=0.9400000000000005, HITRADIUS=28.0, DIRECTION=-0.0, ROTATIONSPEED=120.0, GRAVITY=0, CURSHIELD=100.0, NAME=arachnidsGrip, MAXSPEED=100.0, GRAVITYFIELDLENGTH=0, CURENERGY=100.0})
Message received from 0 intended for 43 - 
  ENV(MESSAGES: [], GAMEINFO: {Score: 0.000000; Deaths: 0; High Score: 0.000000}, RADARLEVEL: 0, RADARDATA: null, SHIPDATA: {ROTATION=148.0, OWNERID=0, ENERGYRECHARGERATE=4.0, VALUE=0.0, MAXSHIELD=100.0, RADARRANGE=300, NUMSTORED=0, MAXHEALTH=100.0, CURHEALTH=100.0, SPEED=0.0, POSITION=[1399.0, 178.0], MASS=500, ID=281, MAXENERGY=100.0, TYPE=Ship, TIMEALIVE=1.0000000000000004, HITRADIUS=28.0, DIRECTION=-0.0, ROTATIONSPEED=120.0, GRAVITY=0, CURSHIELD=100.0, NAME=arachnidsGrip, MAXSPEED=100.0, GRAVITYFIELDLENGTH=0, CURENERGY=100.0})
Message received from 0 intended for 43 - 
  ENV(MESSAGES: [], GAMEINFO: {Score: 0.000000; Deaths: 0; High Score: 0.000000}, RADARLEVEL: 0, RADARDATA: null, SHIPDATA: {ROTATION=148.0, OWNERID=0, ENERGYRECHARGERATE=4.0, VALUE=0.0, MAXSHIELD=100.0, RADARRANGE=300, NUMSTORED=0, MAXHEALTH=100.0, CURHEALTH=100.0, SPEED=0.0, POSITION=[1399.0, 178.0], MASS=500, ID=281, MAXENERGY=100.0, TYPE=Ship, TIMEALIVE=1.0800000000000005, HITRADIUS=28.0, DIRECTION=-0.0, ROTATIONSPEED=120.0, GRAVITY=0, CURSHIELD=100.0, NAME=arachnidsGrip, MAXSPEED=100.0, GRAVITYFIELDLENGTH=0, CURENERGY=100.0})
Message received from 0 intended for 43 - 
  ENV(MESSAGES: [], GAMEINFO: {Score: 0.000000; Deaths: 0; High Score: 0.000000}, RADARLEVEL: 0, RADARDATA: null, SHIPDATA: {ROTATION=148.0, OWNERID=0, ENERGYRECHARGERATE=4.0, VALUE=0.0, MAXSHIELD=100.0, RADARRANGE=300, NUMSTORED=0, MAXHEALTH=100.0, CURHEALTH=100.0, SPEED=0.0, POSITION=[1399.0, 178.0], MASS=500, ID=281, MAXENERGY=100.0, TYPE=Ship, TIMEALIVE=1.1400000000000006, HITRADIUS=28.0, DIRECTION=-0.0, ROTATIONSPEED=120.0, GRAVITY=0, CURSHIELD=100.0, NAME=arachnidsGrip, MAXSPEED=100.0, GRAVITYFIELDLENGTH=0, CURENERGY=100.0})
Message received from 0 intended for 43 - 
  ENV(MESSAGES: [], GAMEINFO: {Score: 0.000000; Deaths: 0; High Score: 0.000000}, RADARLEVEL: 0, RADARDATA: null, SHIPDATA: {ROTATION=148.0, OWNERID=0, ENERGYRECHARGERATE=4.0, VALUE=0.0, MAXSHIELD=100.0, RADARRANGE=300, NUMSTORED=0, MAXHEALTH=100.0, CURHEALTH=100.0, SPEED=0.0, POSITION=[1399.0, 178.0], MASS=500, ID=281, MAXENERGY=100.0, TYPE=Ship, TIMEALIVE=1.2000000000000006, HITRADIUS=28.0, DIRECTION=-0.0, ROTATIONSPEED=120.0, GRAVITY=0, CURSHIELD=100.0, NAME=arachnidsGrip, MAXSPEED=100.0, GRAVITYFIELDLENGTH=0, CURENERGY=100.0})
Message received from 0 intended for 43 - 
  ENV(MESSAGES: [], GAMEINFO: {Score: 0.000000; Deaths: 0; High Score: 0.000000}, RADARLEVEL: 0, RADARDATA: null, SHIPDATA: {ROTATION=148.0, OWNERID=0, ENERGYRECHARGERATE=4.0, VALUE=0.0, MAXSHIELD=100.0, RADARRANGE=300, NUMSTORED=0, MAXHEALTH=100.0, CURHEALTH=100.0, SPEED=0.0, POSITION=[1399.0, 178.0], MASS=500, ID=281, MAXENERGY=100.0, TYPE=Ship, TIMEALIVE=1.2600000000000007, HITRADIUS=28.0, DIRECTION=-0.0, ROTATIONSPEED=120.0, GRAVITY=0, CURSHIELD=100.0, NAME=arachnidsGrip, MAXSPEED=100.0, GRAVITYFIELDLENGTH=0, CURENERGY=100.0})
Message received from 0 intended for 43 - 
  ENV(MESSAGES: [], GAMEINFO: {Score: 0.000000; Deaths: 0; High Score: 0.000000}, RADARLEVEL: 0, RADARDATA: null, SHIPDATA: {ROTATION=148.0, OWNERID=0, ENERGYRECHARGERATE=4.0, VALUE=0.0, MAXSHIELD=100.0, RADARRANGE=300, NUMSTORED=0, MAXHEALTH=100.0, CURHEALTH=100.0, SPEED=0.0, POSITION=[1399.0, 178.0], MASS=500, ID=281, MAXENERGY=100.0, TYPE=Ship, TIMEALIVE=1.3400000000000007, HITRADIUS=28.0, DIRECTION=-0.0, ROTATIONSPEED=120.0, GRAVITY=0, CURSHIELD=100.0, NAME=arachnidsGrip, MAXSPEED=100.0, GRAVITYFIELDLENGTH=0, CURENERGY=100.0})
Message received from 0 intended for 43 - 
  ENV(MESSAGES: [], GAMEINFO: {Score: 0.000000; Deaths: 0; High Score: 0.000000}, RADARLEVEL: 0, RADARDATA: null, SHIPDATA: {ROTATION=148.0, OWNERID=0, ENERGYRECHARGERATE=4.0, VALUE=0.0, MAXSHIELD=100.0, RADARRANGE=300, NUMSTORED=0, MAXHEALTH=100.0, CURHEALTH=100.0, SPEED=0.0, POSITION=[1399.0, 178.0], MASS=500, ID=281, MAXENERGY=100.0, TYPE=Ship, TIMEALIVE=1.4000000000000008, HITRADIUS=28.0, DIRECTION=-0.0, ROTATIONSPEED=120.0, GRAVITY=0, CURSHIELD=100.0, NAME=arachnidsGrip, MAXSPEED=100.0, GRAVITYFIELDLENGTH=0, CURENERGY=100.0})
Message received from 0 intended for 43 - 
  ENV(MESSAGES: [], GAMEINFO: {Score: 0.000000; Deaths: 0; High Score: 0.000000}, RADARLEVEL: 0, RADARDATA: null, SHIPDATA: {ROTATION=148.0, OWNERID=0, ENERGYRECHARGERATE=4.0, VALUE=0.0, MAXSHIELD=100.0, RADARRANGE=300, NUMSTORED=0, MAXHEALTH=100.0, CURHEALTH=100.0, SPEED=0.0, POSITION=[1399.0, 178.0], MASS=500, ID=281, MAXENERGY=100.0, TYPE=Ship, TIMEALIVE=1.4600000000000009, HITRADIUS=28.0, DIRECTION=-0.0, ROTATIONSPEED=120.0, GRAVITY=0, CURSHIELD=100.0, NAME=arachnidsGrip, MAXSPEED=100.0, GRAVITYFIELDLENGTH=0, CURENERGY=100.0})
Message received from 0 intended for 43 - 
  ENV(MESSAGES: [], GAMEINFO: {Score: 0.000000; Deaths: 0; High Score: 0.000000}, RADARLEVEL: 0, RADARDATA: null, SHIPDATA: {ROTATION=148.0, OWNERID=0, ENERGYRECHARGERATE=4.0, VALUE=0.0, MAXSHIELD=100.0, RADARRANGE=300, NUMSTORED=0, MAXHEALTH=100.0, CURHEALTH=100.0, SPEED=0.0, POSITION=[1399.0, 178.0], MASS=500, ID=281, MAXENERGY=100.0, TYPE=Ship, TIMEALIVE=1.520000000000001, HITRADIUS=28.0, DIRECTION=-0.0, ROTATIONSPEED=120.0, GRAVITY=0, CURSHIELD=100.0, NAME=arachnidsGrip, MAXSPEED=100.0, GRAVITYFIELDLENGTH=0, CURENERGY=100.0})
Message received from 0 intended for 43 - 
  ENV(MESSAGES: [], GAMEINFO: {Score: 0.000000; Deaths: 0; High Score: 0.000000}, RADARLEVEL: 0, RADARDATA: null, SHIPDATA: {ROTATION=148.0, OWNERID=0, ENERGYRECHARGERATE=4.0, VALUE=0.0, MAXSHIELD=100.0, RADARRANGE=300, NUMSTORED=0, MAXHEALTH=100.0, CURHEALTH=100.0, SPEED=0.0, POSITION=[1399.0, 178.0], MASS=500, ID=281, MAXENERGY=100.0, TYPE=Ship, TIMEALIVE=1.580000000000001, HITRADIUS=28.0, DIRECTION=-0.0, ROTATIONSPEED=120.0, GRAVITY=0, CURSHIELD=100.0, NAME=arachnidsGrip, MAXSPEED=100.0, GRAVITYFIELDLENGTH=0, CURENERGY=100.0})
Message received from 0 intended for 43 - 
  ENV(MESSAGES: [], GAMEINFO: {Score: 0.000000; Deaths: 0; High Score: 0.000000}, RADARLEVEL: 0, RADARDATA: null, SHIPDATA: {ROTATION=148.0, OWNERID=0, ENERGYRECHARGERATE=4.0, VALUE=0.0, MAXSHIELD=100.0, RADARRANGE=300, NUMSTORED=0, MAXHEALTH=100.0, CURHEALTH=100.0, SPEED=0.0, POSITION=[1399.0, 178.0], MASS=500, ID=281, MAXENERGY=100.0, TYPE=Ship, TIMEALIVE=1.640000000000001, HITRADIUS=28.0, DIRECTION=-0.0, ROTATIONSPEED=120.0, GRAVITY=0, CURSHIELD=100.0, NAME=arachnidsGrip, MAXSPEED=100.0, GRAVITYFIELDLENGTH=0, CURENERGY=100.0})
Message received from 0 intended for 43 - 
  ENV(MESSAGES: [], GAMEINFO: {Score: 0.000000; Deaths: 0; High Score: 0.000000}, RADARLEVEL: 0, RADARDATA: null, SHIPDATA: {ROTATION=148.0, OWNERID=0, ENERGYRECHARGERATE=4.0, VALUE=0.0, MAXSHIELD=100.0, RADARRANGE=300, NUMSTORED=0, MAXHEALTH=100.0, CURHEALTH=100.0, SPEED=0.0, POSITION=[1399.0, 178.0], MASS=500, ID=281, MAXENERGY=100.0, TYPE=Ship, TIMEALIVE=1.720000000000001, HITRADIUS=28.0, DIRECTION=-0.0, ROTATIONSPEED=120.0, GRAVITY=0, CURSHIELD=100.0, NAME=arachnidsGrip, MAXSPEED=100.0, GRAVITYFIELDLENGTH=0, CURENERGY=100.0})
Message received from 0 intended for 43 - 
  ENV(MESSAGES: [], GAMEINFO: {Score: 0.000000; Deaths: 0; High Score: 0.000000}, RADARLEVEL: 0, RADARDATA: null, SHIPDATA: {ROTATION=148.0, OWNERID=0, ENERGYRECHARGERATE=4.0, VALUE=0.0, MAXSHIELD=100.0, RADARRANGE=300, NUMSTORED=0, MAXHEALTH=100.0, CURHEALTH=100.0, SPEED=0.0, POSITION=[1399.0, 178.0], MASS=500, ID=281, MAXENERGY=100.0, TYPE=Ship, TIMEALIVE=1.7800000000000011, HITRADIUS=28.0, DIRECTION=-0.0, ROTATIONSPEED=120.0, GRAVITY=0, CURSHIELD=100.0, NAME=arachnidsGrip, MAXSPEED=100.0, GRAVITYFIELDLENGTH=0, CURENERGY=100.0})
Message received from 0 intended for 43 - 
  ENV(MESSAGES: [], GAMEINFO: {Score: 0.000000; Deaths: 0; High Score: 0.000000}, RADARLEVEL: 0, RADARDATA: null, SHIPDATA: {ROTATION=148.0, OWNERID=0, ENERGYRECHARGERATE=4.0, VALUE=0.0, MAXSHIELD=100.0, RADARRANGE=300, NUMSTORED=0, MAXHEALTH=100.0, CURHEALTH=100.0, SPEED=0.0, POSITION=[1399.0, 178.0], MASS=500, ID=281, MAXENERGY=100.0, TYPE=Ship, TIMEALIVE=1.8400000000000012, HITRADIUS=28.0, DIRECTION=-0.0, ROTATIONSPEED=120.0, GRAVITY=0, CURSHIELD=100.0, NAME=arachnidsGrip, MAXSPEED=100.0, GRAVITYFIELDLENGTH=0, CURENERGY=100.0})
Message received from 0 intended for 43 - 
  ENV(MESSAGES: [], GAMEINFO: {Score: 0.000000; Deaths: 0; High Score: 0.000000}, RADARLEVEL: 0, RADARDATA: null, SHIPDATA: {ROTATION=148.0, OWNERID=0, ENERGYRECHARGERATE=4.0, VALUE=0.0, MAXSHIELD=100.0, RADARRANGE=300, NUMSTORED=0, MAXHEALTH=100.0, CURHEALTH=100.0, SPEED=0.0, POSITION=[1399.0, 178.0], MASS=500, ID=281, MAXENERGY=100.0, TYPE=Ship, TIMEALIVE=1.9000000000000012, HITRADIUS=28.0, DIRECTION=-0.0, ROTATIONSPEED=120.0, GRAVITY=0, CURSHIELD=100.0, NAME=arachnidsGrip, MAXSPEED=100.0, GRAVITYFIELDLENGTH=0, CURENERGY=100.0})
Message received from 0 intended for 43 - 
  ENV(MESSAGES: [], GAMEINFO: {Score: 0.000000; Deaths: 0; High Score: 0.000000}, RADARLEVEL: 0, RADARDATA: null, SHIPDATA: {ROTATION=148.0, OWNERID=0, ENERGYRECHARGERATE=4.0, VALUE=0.0, MAXSHIELD=100.0, RADARRANGE=300, NUMSTORED=0, MAXHEALTH=100.0, CURHEALTH=100.0, SPEED=0.0, POSITION=[1399.0, 178.0], MASS=500, ID=281, MAXENERGY=100.0, TYPE=Ship, TIMEALIVE=1.9600000000000013, HITRADIUS=28.0, DIRECTION=-0.0, ROTATIONSPEED=120.0, GRAVITY=0, CURSHIELD=100.0, NAME=arachnidsGrip, MAXSPEED=100.0, GRAVITYFIELDLENGTH=0, CURENERGY=100.0})
Message received from 0 intended for 43 - 
  ENV(MESSAGES: [], GAMEINFO: {Score: 0.000000; Deaths: 0; High Score: 0.000000}, RADARLEVEL: 0, RADARDATA: null, SHIPDATA: {ROTATION=148.0, OWNERID=0, ENERGYRECHARGERATE=4.0, VALUE=0.0, MAXSHIELD=100.0, RADARRANGE=300, NUMSTORED=0, MAXHEALTH=100.0, CURHEALTH=100.0, SPEED=0.0, POSITION=[1399.0, 178.0], MASS=500, ID=281, MAXENERGY=100.0, TYPE=Ship, TIMEALIVE=2.0200000000000014, HITRADIUS=28.0, DIRECTION=-0.0, ROTATIONSPEED=120.0, GRAVITY=0, CURSHIELD=100.0, NAME=arachnidsGrip, MAXSPEED=100.0, GRAVITYFIELDLENGTH=0, CURENERGY=100.0})
Message received from 0 intended for 43 - 
  ENV(MESSAGES: [], GAMEINFO: {Score: 0.000000; Deaths: 0; High Score: 0.000000}, RADARLEVEL: 0, RADARDATA: null, SHIPDATA: {ROTATION=148.0, OWNERID=0, ENERGYRECHARGERATE=4.0, VALUE=0.0, MAXSHIELD=100.0, RADARRANGE=300, NUMSTORED=0, MAXHEALTH=100.0, CURHEALTH=100.0, SPEED=0.0, POSITION=[1399.0, 178.0], MASS=500, ID=281, MAXENERGY=100.0, TYPE=Ship, TIMEALIVE=2.1000000000000014, HITRADIUS=28.0, DIRECTION=-0.0, ROTATIONSPEED=120.0, GRAVITY=0, CURSHIELD=100.0, NAME=arachnidsGrip, MAXSPEED=100.0, GRAVITYFIELDLENGTH=0, CURENERGY=100.0})
Message received from 0 intended for 43 - 
  ENV(MESSAGES: [], GAMEINFO: {Score: 0.000000; Deaths: 0; High Score: 0.000000}, RADARLEVEL: 0, RADARDATA: null, SHIPDATA: {ROTATION=148.0, OWNERID=0, ENERGYRECHARGERATE=4.0, VALUE=0.0, MAXSHIELD=100.0, RADARRANGE=300, NUMSTORED=0, MAXHEALTH=100.0, CURHEALTH=100.0, SPEED=0.0, POSITION=[1399.0, 178.0], MASS=500, ID=281, MAXENERGY=100.0, TYPE=Ship, TIMEALIVE=2.1600000000000015, HITRADIUS=28.0, DIRECTION=-0.0, ROTATIONSPEED=120.0, GRAVITY=0, CURSHIELD=100.0, NAME=arachnidsGrip, MAXSPEED=100.0, GRAVITYFIELDLENGTH=0, CURENERGY=100.0})
Message received from 0 intended for 43 - 
  ENV(MESSAGES: [], GAMEINFO: {Score: 0.000000; Deaths: 0; High Score: 0.000000}, RADARLEVEL: 0, RADARDATA: null, SHIPDATA: {ROTATION=148.0, OWNERID=0, ENERGYRECHARGERATE=4.0, VALUE=0.0, MAXSHIELD=100.0, RADARRANGE=300, NUMSTORED=0, MAXHEALTH=100.0, CURHEALTH=100.0, SPEED=0.0, POSITION=[1399.0, 178.0], MASS=500, ID=281, MAXENERGY=100.0, TYPE=Ship, TIMEALIVE=2.2200000000000015, HITRADIUS=28.0, DIRECTION=-0.0, ROTATIONSPEED=120.0, GRAVITY=0, CURSHIELD=100.0, NAME=arachnidsGrip, MAXSPEED=100.0, GRAVITYFIELDLENGTH=0, CURENERGY=100.0})
Message received from 0 intended for 43 - 
  ENV(MESSAGES: [], GAMEINFO: {Score: 0.000000; Deaths: 0; High Score: 0.000000}, RADARLEVEL: 0, RADARDATA: null, SHIPDATA: {ROTATION=148.0, OWNERID=0, ENERGYRECHARGERATE=4.0, VALUE=0.0, MAXSHIELD=100.0, RADARRANGE=300, NUMSTORED=0, MAXHEALTH=100.0, CURHEALTH=100.0, SPEED=0.0, POSITION=[1399.0, 178.0], MASS=500, ID=281, MAXENERGY=100.0, TYPE=Ship, TIMEALIVE=2.2800000000000016, HITRADIUS=28.0, DIRECTION=-0.0, ROTATIONSPEED=120.0, GRAVITY=0, CURSHIELD=100.0, NAME=arachnidsGrip, MAXSPEED=100.0, GRAVITYFIELDLENGTH=0, CURENERGY=100.0})
Message received from 0 intended for 43 - 
  ENV(MESSAGES: [], GAMEINFO: {Score: 0.000000; Deaths: 0; High Score: 0.000000}, RADARLEVEL: 0, RADARDATA: null, SHIPDATA: {ROTATION=148.0, OWNERID=0, ENERGYRECHARGERATE=4.0, VALUE=0.0, MAXSHIELD=100.0, RADARRANGE=300, NUMSTORED=0, MAXHEALTH=100.0, CURHEALTH=100.0, SPEED=0.0, POSITION=[1399.0, 178.0], MASS=500, ID=281, MAXENERGY=100.0, TYPE=Ship, TIMEALIVE=2.3400000000000016, HITRADIUS=28.0, DIRECTION=-0.0, ROTATIONSPEED=120.0, GRAVITY=0, CURSHIELD=100.0, NAME=arachnidsGrip, MAXSPEED=100.0, GRAVITYFIELDLENGTH=0, CURENERGY=100.0})
Message received from 0 intended for 43 - 
  ENV(MESSAGES: [], GAMEINFO: {Score: 0.000000; Deaths: 0; High Score: 0.000000}, RADARLEVEL: 0, RADARDATA: null, SHIPDATA: {ROTATION=148.0, OWNERID=0, ENERGYRECHARGERATE=4.0, VALUE=0.0, MAXSHIELD=100.0, RADARRANGE=300, NUMSTORED=0, MAXHEALTH=100.0, CURHEALTH=100.0, SPEED=0.0, POSITION=[1399.0, 178.0], MASS=500, ID=281, MAXENERGY=100.0, TYPE=Ship, TIMEALIVE=2.4200000000000017, HITRADIUS=28.0, DIRECTION=-0.0, ROTATIONSPEED=120.0, GRAVITY=0, CURSHIELD=100.0, NAME=arachnidsGrip, MAXSPEED=100.0, GRAVITYFIELDLENGTH=0, CURENERGY=100.0})
Message received from 0 intended for 43 - 
  ENV(MESSAGES: [], GAMEINFO: {Score: 0.000000; Deaths: 0; High Score: 0.000000}, RADARLEVEL: 0, RADARDATA: null, SHIPDATA: {ROTATION=148.0, OWNERID=0, ENERGYRECHARGERATE=4.0, VALUE=0.0, MAXSHIELD=100.0, RADARRANGE=300, NUMSTORED=0, MAXHEALTH=100.0, CURHEALTH=100.0, SPEED=0.0, POSITION=[1399.0, 178.0], MASS=500, ID=281, MAXENERGY=100.0, TYPE=Ship, TIMEALIVE=2.4600000000000017, HITRADIUS=28.0, DIRECTION=-0.0, ROTATIONSPEED=120.0, GRAVITY=0, CURSHIELD=100.0, NAME=arachnidsGrip, MAXSPEED=100.0, GRAVITYFIELDLENGTH=0, CURENERGY=100.0})
Message received from 0 intended for 43 - 
  ENV(MESSAGES: [], GAMEINFO: {Score: 0.000000; Deaths: 0; High Score: 0.000000}, RADARLEVEL: 0, RADARDATA: null, SHIPDATA: {ROTATION=148.0, OWNERID=0, ENERGYRECHARGERATE=4.0, VALUE=0.0, MAXSHIELD=100.0, RADARRANGE=300, NUMSTORED=0, MAXHEALTH=100.0, CURHEALTH=100.0, SPEED=0.0, POSITION=[1399.0, 178.0], MASS=500, ID=281, MAXENERGY=100.0, TYPE=Ship, TIMEALIVE=2.540000000000002, HITRADIUS=28.0, DIRECTION=-0.0, ROTATIONSPEED=120.0, GRAVITY=0, CURSHIELD=100.0, NAME=arachnidsGrip, MAXSPEED=100.0, GRAVITYFIELDLENGTH=0, CURENERGY=100.0})
Message received from 0 intended for 43 - 
  ENV(MESSAGES: [], GAMEINFO: {Score: 0.000000; Deaths: 0; High Score: 0.000000}, RADARLEVEL: 0, RADARDATA: null, SHIPDATA: {ROTATION=148.0, OWNERID=0, ENERGYRECHARGERATE=4.0, VALUE=0.0, MAXSHIELD=100.0, RADARRANGE=300, NUMSTORED=0, MAXHEALTH=100.0, CURHEALTH=100.0, SPEED=0.0, POSITION=[1399.0, 178.0], MASS=500, ID=281, MAXENERGY=100.0, TYPE=Ship, TIMEALIVE=2.640000000000002, HITRADIUS=28.0, DIRECTION=-0.0, ROTATIONSPEED=120.0, GRAVITY=0, CURSHIELD=100.0, NAME=arachnidsGrip, MAXSPEED=100.0, GRAVITYFIELDLENGTH=0, CURENERGY=100.0})
Message received from 0 intended for 43 - 
  ENV(MESSAGES: [], GAMEINFO: {Score: 0.000000; Deaths: 0; High Score: 0.000000}, RADARLEVEL: 0, RADARDATA: null, SHIPDATA: {ROTATION=148.0, OWNERID=0, ENERGYRECHARGERATE=4.0, VALUE=0.0, MAXSHIELD=100.0, RADARRANGE=300, NUMSTORED=0, MAXHEALTH=100.0, CURHEALTH=100.0, SPEED=0.0, POSITION=[1399.0, 178.0], MASS=500, ID=281, MAXENERGY=100.0, TYPE=Ship, TIMEALIVE=2.760000000000002, HITRADIUS=28.0, DIRECTION=-0.0, ROTATIONSPEED=120.0, GRAVITY=0, CURSHIELD=100.0, NAME=arachnidsGrip, MAXSPEED=100.0, GRAVITYFIELDLENGTH=0, CURENERGY=100.0})
Message received from 0 intended for 43 - 
  ENV(MESSAGES: [], GAMEINFO: {Score: 0.000000; Deaths: 0; High Score: 0.000000}, RADARLEVEL: 0, RADARDATA: null, SHIPDATA: {ROTATION=148.0, OWNERID=0, ENERGYRECHARGERATE=4.0, VALUE=0.0, MAXSHIELD=100.0, RADARRANGE=300, NUMSTORED=0, MAXHEALTH=100.0, CURHEALTH=100.0, SPEED=0.0, POSITION=[1399.0, 178.0], MASS=500, ID=281, MAXENERGY=100.0, TYPE=Ship, TIMEALIVE=2.880000000000002, HITRADIUS=28.0, DIRECTION=-0.0, ROTATIONSPEED=120.0, GRAVITY=0, CURSHIELD=100.0, NAME=arachnidsGrip, MAXSPEED=100.0, GRAVITYFIELDLENGTH=0, CURENERGY=100.0})
Message received from 0 intended for 43 - 
  ENV(MESSAGES: [], GAMEINFO: {Score: 0.000000; Deaths: 0; High Score: 0.000000}, RADARLEVEL: 0, RADARDATA: null, SHIPDATA: {ROTATION=148.0, OWNERID=0, ENERGYRECHARGERATE=4.0, VALUE=0.0, MAXSHIELD=100.0, RADARRANGE=300, NUMSTORED=0, MAXHEALTH=100.0, CURHEALTH=100.0, SPEED=0.0, POSITION=[1399.0, 178.0], MASS=500, ID=281, MAXENERGY=100.0, TYPE=Ship, TIMEALIVE=3.000000000000002, HITRADIUS=28.0, DIRECTION=-0.0, ROTATIONSPEED=120.0, GRAVITY=0, CURSHIELD=100.0, NAME=arachnidsGrip, MAXSPEED=100.0, GRAVITYFIELDLENGTH=0, CURENERGY=100.0})
Message received from 0 intended for 43 - 
  ENV(MESSAGES: [], GAMEINFO: {Score: 0.000000; Deaths: 0; High Score: 0.000000}, RADARLEVEL: 0, RADARDATA: null, SHIPDATA: {ROTATION=148.0, OWNERID=0, ENERGYRECHARGERATE=4.0, VALUE=0.0, MAXSHIELD=100.0, RADARRANGE=300, NUMSTORED=0, MAXHEALTH=100.0, CURHEALTH=100.0, SPEED=0.0, POSITION=[1399.0, 178.0], MASS=500, ID=281, MAXENERGY=100.0, TYPE=Ship, TIMEALIVE=3.1000000000000023, HITRADIUS=28.0, DIRECTION=-0.0, ROTATIONSPEED=120.0, GRAVITY=0, CURSHIELD=100.0, NAME=arachnidsGrip, MAXSPEED=100.0, GRAVITYFIELDLENGTH=0, CURENERGY=100.0})
Message received from 0 intended for 43 - 
  ENV(MESSAGES: [], GAMEINFO: {Score: 0.000000; Deaths: 0; High Score: 0.000000}, RADARLEVEL: 0, RADARDATA: null, SHIPDATA: {ROTATION=148.0, OWNERID=0, ENERGYRECHARGERATE=4.0, VALUE=0.0, MAXSHIELD=100.0, RADARRANGE=300, NUMSTORED=0, MAXHEALTH=100.0, CURHEALTH=100.0, SPEED=0.0, POSITION=[1399.0, 178.0], MASS=500, ID=281, MAXENERGY=100.0, TYPE=Ship, TIMEALIVE=3.2200000000000024, HITRADIUS=28.0, DIRECTION=-0.0, ROTATIONSPEED=120.0, GRAVITY=0, CURSHIELD=100.0, NAME=arachnidsGrip, MAXSPEED=100.0, GRAVITYFIELDLENGTH=0, CURENERGY=100.0})
Message received from 0 intended for 43 - 
  ENV(MESSAGES: [], GAMEINFO: {Score: 0.000000; Deaths: 0; High Score: 0.000000}, RADARLEVEL: 0, RADARDATA: null, SHIPDATA: {ROTATION=148.0, OWNERID=0, ENERGYRECHARGERATE=4.0, VALUE=0.0, MAXSHIELD=100.0, RADARRANGE=300, NUMSTORED=0, MAXHEALTH=100.0, CURHEALTH=100.0, SPEED=0.0, POSITION=[1399.0, 178.0], MASS=500, ID=281, MAXENERGY=100.0, TYPE=Ship, TIMEALIVE=3.3400000000000025, HITRADIUS=28.0, DIRECTION=-0.0, ROTATIONSPEED=120.0, GRAVITY=0, CURSHIELD=100.0, NAME=arachnidsGrip, MAXSPEED=100.0, GRAVITYFIELDLENGTH=0, CURENERGY=100.0})
Message received from 0 intended for 43 - 
  ENV(MESSAGES: [], GAMEINFO: {Score: 0.000000; Deaths: 0; High Score: 0.000000}, RADARLEVEL: 0, RADARDATA: null, SHIPDATA: {ROTATION=148.0, OWNERID=0, ENERGYRECHARGERATE=4.0, VALUE=0.0, MAXSHIELD=100.0, RADARRANGE=300, NUMSTORED=0, MAXHEALTH=100.0, CURHEALTH=100.0, SPEED=0.0, POSITION=[1399.0, 178.0], MASS=500, ID=281, MAXENERGY=100.0, TYPE=Ship, TIMEALIVE=3.4400000000000026, HITRADIUS=28.0, DIRECTION=-0.0, ROTATIONSPEED=120.0, GRAVITY=0, CURSHIELD=100.0, NAME=arachnidsGrip, MAXSPEED=100.0, GRAVITYFIELDLENGTH=0, CURENERGY=100.0})
Message received from 0 intended for 43 - 
  ENV(MESSAGES: [], GAMEINFO: {Score: 0.000000; Deaths: 0; High Score: 0.000000}, RADARLEVEL: 0, RADARDATA: null, SHIPDATA: {ROTATION=148.0, OWNERID=0, ENERGYRECHARGERATE=4.0, VALUE=0.0, MAXSHIELD=100.0, RADARRANGE=300, NUMSTORED=0, MAXHEALTH=100.0, CURHEALTH=100.0, SPEED=0.0, POSITION=[1399.0, 178.0], MASS=500, ID=281, MAXENERGY=100.0, TYPE=Ship, TIMEALIVE=3.5600000000000027, HITRADIUS=28.0, DIRECTION=-0.0, ROTATIONSPEED=120.0, GRAVITY=0, CURSHIELD=100.0, NAME=arachnidsGrip, MAXSPEED=100.0, GRAVITYFIELDLENGTH=0, CURENERGY=100.0})
Message received from 0 intended for 43 - 
  ENV(MESSAGES: [], GAMEINFO: {Score: 0.000000; Deaths: 0; High Score: 0.000000}, RADARLEVEL: 0, RADARDATA: null, SHIPDATA: {ROTATION=148.0, OWNERID=0, ENERGYRECHARGERATE=4.0, VALUE=0.0, MAXSHIELD=100.0, RADARRANGE=300, NUMSTORED=0, MAXHEALTH=100.0, CURHEALTH=100.0, SPEED=0.0, POSITION=[1399.0, 178.0], MASS=500, ID=281, MAXENERGY=100.0, TYPE=Ship, TIMEALIVE=3.680000000000003, HITRADIUS=28.0, DIRECTION=-0.0, ROTATIONSPEED=120.0, GRAVITY=0, CURSHIELD=100.0, NAME=arachnidsGrip, MAXSPEED=100.0, GRAVITYFIELDLENGTH=0, CURENERGY=100.0})
Message received from 0 intended for 43 - 
  ENV(MESSAGES: [], GAMEINFO: {Score: 0.000000; Deaths: 0; High Score: 0.000000}, RADARLEVEL: 0, RADARDATA: null, SHIPDATA: {ROTATION=148.0, OWNERID=0, ENERGYRECHARGERATE=4.0, VALUE=0.0, MAXSHIELD=100.0, RADARRANGE=300, NUMSTORED=0, MAXHEALTH=100.0, CURHEALTH=100.0, SPEED=0.0, POSITION=[1399.0, 178.0], MASS=500, ID=281, MAXENERGY=100.0, TYPE=Ship, TIMEALIVE=3.780000000000003, HITRADIUS=28.0, DIRECTION=-0.0, ROTATIONSPEED=120.0, GRAVITY=0, CURSHIELD=100.0, NAME=arachnidsGrip, MAXSPEED=100.0, GRAVITYFIELDLENGTH=0, CURENERGY=100.0})
Message received from 0 intended for 43 - 
  ENV(MESSAGES: [], GAMEINFO: {Score: 0.000000; Deaths: 0; High Score: 0.000000}, RADARLEVEL: 0, RADARDATA: null, SHIPDATA: {ROTATION=148.0, OWNERID=0, ENERGYRECHARGERATE=4.0, VALUE=0.0, MAXSHIELD=100.0, RADARRANGE=300, NUMSTORED=0, MAXHEALTH=100.0, CURHEALTH=100.0, SPEED=0.0, POSITION=[1399.0, 178.0], MASS=500, ID=281, MAXENERGY=100.0, TYPE=Ship, TIMEALIVE=3.820000000000003, HITRADIUS=28.0, DIRECTION=-0.0, ROTATIONSPEED=120.0, GRAVITY=0, CURSHIELD=100.0, NAME=arachnidsGrip, MAXSPEED=100.0, GRAVITYFIELDLENGTH=0, CURENERGY=100.0})
Message received from 0 intended for 43 - 
  ENV(MESSAGES: [], GAMEINFO: {Score: 0.000000; Deaths: 0; High Score: 0.000000}, RADARLEVEL: 0, RADARDATA: null, SHIPDATA: {ROTATION=148.0, OWNERID=0, ENERGYRECHARGERATE=4.0, VALUE=0.0, MAXSHIELD=100.0, RADARRANGE=300, NUMSTORED=0, MAXHEALTH=100.0, CURHEALTH=100.0, SPEED=0.0, POSITION=[1399.0, 178.0], MASS=500, ID=281, MAXENERGY=100.0, TYPE=Ship, TIMEALIVE=3.880000000000003, HITRADIUS=28.0, DIRECTION=-0.0, ROTATIONSPEED=120.0, GRAVITY=0, CURSHIELD=100.0, NAME=arachnidsGrip, MAXSPEED=100.0, GRAVITYFIELDLENGTH=0, CURENERGY=100.0})
Message received from 0 intended for 43 - 
  ENV(MESSAGES: [], GAMEINFO: {Score: 0.000000; Deaths: 0; High Score: 0.000000}, RADARLEVEL: 0, RADARDATA: null, SHIPDATA: {ROTATION=148.0, OWNERID=0, ENERGYRECHARGERATE=4.0, VALUE=0.0, MAXSHIELD=100.0, RADARRANGE=300, NUMSTORED=0, MAXHEALTH=100.0, CURHEALTH=100.0, SPEED=0.0, POSITION=[1399.0, 178.0], MASS=500, ID=281, MAXENERGY=100.0, TYPE=Ship, TIMEALIVE=3.960000000000003, HITRADIUS=28.0, DIRECTION=-0.0, ROTATIONSPEED=120.0, GRAVITY=0, CURSHIELD=100.0, NAME=arachnidsGrip, MAXSPEED=100.0, GRAVITYFIELDLENGTH=0, CURENERGY=100.0})
Message received from 0 intended for 43 - 
  ENV(MESSAGES: [], GAMEINFO: {Score: 0.000000; Deaths: 0; High Score: 0.000000}, RADARLEVEL: 0, RADARDATA: null, SHIPDATA: {ROTATION=148.0, OWNERID=0, ENERGYRECHARGERATE=4.0, VALUE=0.0, MAXSHIELD=100.0, RADARRANGE=300, NUMSTORED=0, MAXHEALTH=100.0, CURHEALTH=100.0, SPEED=0.0, POSITION=[1399.0, 178.0], MASS=500, ID=281, MAXENERGY=100.0, TYPE=Ship, TIMEALIVE=4.000000000000003, HITRADIUS=28.0, DIRECTION=-0.0, ROTATIONSPEED=120.0, GRAVITY=0, CURSHIELD=100.0, NAME=arachnidsGrip, MAXSPEED=100.0, GRAVITYFIELDLENGTH=0, CURENERGY=100.0})
Message received from 0 intended for 43 - 
  ENV(MESSAGES: [], GAMEINFO: {Score: 0.000000; Deaths: 0; High Score: 0.000000}, RADARLEVEL: 0, RADARDATA: null, SHIPDATA: {ROTATION=148.0, OWNERID=0, ENERGYRECHARGERATE=4.0, VALUE=0.0, MAXSHIELD=100.0, RADARRANGE=300, NUMSTORED=0, MAXHEALTH=100.0, CURHEALTH=100.0, SPEED=0.0, POSITION=[1399.0, 178.0], MASS=500, ID=281, MAXENERGY=100.0, TYPE=Ship, TIMEALIVE=4.040000000000002, HITRADIUS=28.0, DIRECTION=-0.0, ROTATIONSPEED=120.0, GRAVITY=0, CURSHIELD=100.0, NAME=arachnidsGrip, MAXSPEED=100.0, GRAVITYFIELDLENGTH=0, CURENERGY=100.0})
Message received from 0 intended for 43 - 
  ENV(MESSAGES: [], GAMEINFO: {Score: 0.000000; Deaths: 0; High Score: 0.000000}, RADARLEVEL: 0, RADARDATA: null, SHIPDATA: {ROTATION=148.0, OWNERID=0, ENERGYRECHARGERATE=4.0, VALUE=0.0, MAXSHIELD=100.0, RADARRANGE=300, NUMSTORED=0, MAXHEALTH=100.0, CURHEALTH=100.0, SPEED=0.0, POSITION=[1399.0, 178.0], MASS=500, ID=281, MAXENERGY=100.0, TYPE=Ship, TIMEALIVE=4.1000000000000005, HITRADIUS=28.0, DIRECTION=-0.0, ROTATIONSPEED=120.0, GRAVITY=0, CURSHIELD=100.0, NAME=arachnidsGrip, MAXSPEED=100.0, GRAVITYFIELDLENGTH=0, CURENERGY=100.0})
Message received from 0 intended for 43 - 
  ENV(MESSAGES: [], GAMEINFO: {Score: 0.000000; Deaths: 0; High Score: 0.000000}, RADARLEVEL: 0, RADARDATA: null, SHIPDATA: {ROTATION=148.0, OWNERID=0, ENERGYRECHARGERATE=4.0, VALUE=0.0, MAXSHIELD=100.0, RADARRANGE=300, NUMSTORED=0, MAXHEALTH=100.0, CURHEALTH=100.0, SPEED=0.0, POSITION=[1399.0, 178.0], MASS=500, ID=281, MAXENERGY=100.0, TYPE=Ship, TIMEALIVE=4.179999999999999, HITRADIUS=28.0, DIRECTION=-0.0, ROTATIONSPEED=120.0, GRAVITY=0, CURSHIELD=100.0, NAME=arachnidsGrip, MAXSPEED=100.0, GRAVITYFIELDLENGTH=0, CURENERGY=100.0})
Message received from 0 intended for 43 - 
  ENV(MESSAGES: [], GAMEINFO: {Score: 0.000000; Deaths: 0; High Score: 0.000000}, RADARLEVEL: 0, RADARDATA: null, SHIPDATA: {ROTATION=148.0, OWNERID=0, ENERGYRECHARGERATE=4.0, VALUE=0.0, MAXSHIELD=100.0, RADARRANGE=300, NUMSTORED=0, MAXHEALTH=100.0, CURHEALTH=100.0, SPEED=0.0, POSITION=[1399.0, 178.0], MASS=500, ID=281, MAXENERGY=100.0, TYPE=Ship, TIMEALIVE=4.2399999999999975, HITRADIUS=28.0, DIRECTION=-0.0, ROTATIONSPEED=120.0, GRAVITY=0, CURSHIELD=100.0, NAME=arachnidsGrip, MAXSPEED=100.0, GRAVITYFIELDLENGTH=0, CURENERGY=100.0})
Message received from 0 intended for 43 - 
  ENV(MESSAGES: [], GAMEINFO: {Score: 0.000000; Deaths: 0; High Score: 0.000000}, RADARLEVEL: 0, RADARDATA: null, SHIPDATA: {ROTATION=148.0, OWNERID=0, ENERGYRECHARGERATE=4.0, VALUE=0.0, MAXSHIELD=100.0, RADARRANGE=300, NUMSTORED=0, MAXHEALTH=100.0, CURHEALTH=100.0, SPEED=0.0, POSITION=[1399.0, 178.0], MASS=500, ID=281, MAXENERGY=100.0, TYPE=Ship, TIMEALIVE=4.299999999999996, HITRADIUS=28.0, DIRECTION=-0.0, ROTATIONSPEED=120.0, GRAVITY=0, CURSHIELD=100.0, NAME=arachnidsGrip, MAXSPEED=100.0, GRAVITYFIELDLENGTH=0, CURENERGY=100.0})
Message received from 0 intended for 43 - 
  ENV(MESSAGES: [], GAMEINFO: {Score: 0.000000; Deaths: 0; High Score: 0.000000}, RADARLEVEL: 0, RADARDATA: null, SHIPDATA: {ROTATION=148.0, OWNERID=0, ENERGYRECHARGERATE=4.0, VALUE=0.0, MAXSHIELD=100.0, RADARRANGE=300, NUMSTORED=0, MAXHEALTH=100.0, CURHEALTH=100.0, SPEED=0.0, POSITION=[1399.0, 178.0], MASS=500, ID=281, MAXENERGY=100.0, TYPE=Ship, TIMEALIVE=4.359999999999995, HITRADIUS=28.0, DIRECTION=-0.0, ROTATIONSPEED=120.0, GRAVITY=0, CURSHIELD=100.0, NAME=arachnidsGrip, MAXSPEED=100.0, GRAVITYFIELDLENGTH=0, CURENERGY=100.0})
Message received from 0 intended for 43 - 
  ENV(MESSAGES: [], GAMEINFO: {Score: 0.000000; Deaths: 0; High Score: 0.000000}, RADARLEVEL: 0, RADARDATA: null, SHIPDATA: {ROTATION=148.0, OWNERID=0, ENERGYRECHARGERATE=4.0, VALUE=0.0, MAXSHIELD=100.0, RADARRANGE=300, NUMSTORED=0, MAXHEALTH=100.0, CURHEALTH=100.0, SPEED=0.0, POSITION=[1399.0, 178.0], MASS=500, ID=281, MAXENERGY=100.0, TYPE=Ship, TIMEALIVE=4.439999999999993, HITRADIUS=28.0, DIRECTION=-0.0, ROTATIONSPEED=120.0, GRAVITY=0, CURSHIELD=100.0, NAME=arachnidsGrip, MAXSPEED=100.0, GRAVITYFIELDLENGTH=0, CURENERGY=100.0})
Message received from 0 intended for 43 - 
  ENV(MESSAGES: [], GAMEINFO: {Score: 0.000000; Deaths: 0; High Score: 0.000000}, RADARLEVEL: 0, RADARDATA: null, SHIPDATA: {ROTATION=148.0, OWNERID=0, ENERGYRECHARGERATE=4.0, VALUE=0.0, MAXSHIELD=100.0, RADARRANGE=300, NUMSTORED=0, MAXHEALTH=100.0, CURHEALTH=100.0, SPEED=0.0, POSITION=[1399.0, 178.0], MASS=500, ID=281, MAXENERGY=100.0, TYPE=Ship, TIMEALIVE=4.499999999999992, HITRADIUS=28.0, DIRECTION=-0.0, ROTATIONSPEED=120.0, GRAVITY=0, CURSHIELD=100.0, NAME=arachnidsGrip, MAXSPEED=100.0, GRAVITYFIELDLENGTH=0, CURENERGY=100.0})
Message received from 0 intended for 43 - 
  ENV(MESSAGES: [], GAMEINFO: {Score: 0.000000; Deaths: 0; High Score: 0.000000}, RADARLEVEL: 0, RADARDATA: null, SHIPDATA: {ROTATION=148.0, OWNERID=0, ENERGYRECHARGERATE=4.0, VALUE=0.0, MAXSHIELD=100.0, RADARRANGE=300, NUMSTORED=0, MAXHEALTH=100.0, CURHEALTH=100.0, SPEED=0.0, POSITION=[1399.0, 178.0], MASS=500, ID=281, MAXENERGY=100.0, TYPE=Ship, TIMEALIVE=4.559999999999991, HITRADIUS=28.0, DIRECTION=-0.0, ROTATIONSPEED=120.0, GRAVITY=0, CURSHIELD=100.0, NAME=arachnidsGrip, MAXSPEED=100.0, GRAVITYFIELDLENGTH=0, CURENERGY=100.0})
Message received from 0 intended for 43 - 
  ENV(MESSAGES: [], GAMEINFO: {Score: 0.000000; Deaths: 0; High Score: 0.000000}, RADARLEVEL: 0, RADARDATA: null, SHIPDATA: {ROTATION=148.0, OWNERID=0, ENERGYRECHARGERATE=4.0, VALUE=0.0, MAXSHIELD=100.0, RADARRANGE=300, NUMSTORED=0, MAXHEALTH=100.0, CURHEALTH=100.0, SPEED=0.0, POSITION=[1399.0, 178.0], MASS=500, ID=281, MAXENERGY=100.0, TYPE=Ship, TIMEALIVE=4.6199999999999894, HITRADIUS=28.0, DIRECTION=-0.0, ROTATIONSPEED=120.0, GRAVITY=0, CURSHIELD=100.0, NAME=arachnidsGrip, MAXSPEED=100.0, GRAVITYFIELDLENGTH=0, CURENERGY=100.0})
Message received from 0 intended for 43 - 
  ENV(MESSAGES: [], GAMEINFO: {Score: 0.000000; Deaths: 0; High Score: 0.000000}, RADARLEVEL: 0, RADARDATA: null, SHIPDATA: {ROTATION=148.0, OWNERID=0, ENERGYRECHARGERATE=4.0, VALUE=0.0, MAXSHIELD=100.0, RADARRANGE=300, NUMSTORED=0, MAXHEALTH=100.0, CURHEALTH=100.0, SPEED=0.0, POSITION=[1399.0, 178.0], MASS=500, ID=281, MAXENERGY=100.0, TYPE=Ship, TIMEALIVE=4.679999999999988, HITRADIUS=28.0, DIRECTION=-0.0, ROTATIONSPEED=120.0, GRAVITY=0, CURSHIELD=100.0, NAME=arachnidsGrip, MAXSPEED=100.0, GRAVITYFIELDLENGTH=0, CURENERGY=100.0})
Message received from 0 intended for 43 - 
  ENV(MESSAGES: [], GAMEINFO: {Score: 0.000000; Deaths: 0; High Score: 0.000000}, RADARLEVEL: 0, RADARDATA: null, SHIPDATA: {ROTATION=148.0, OWNERID=0, ENERGYRECHARGERATE=4.0, VALUE=0.0, MAXSHIELD=100.0, RADARRANGE=300, NUMSTORED=0, MAXHEALTH=100.0, CURHEALTH=100.0, SPEED=0.0, POSITION=[1399.0, 178.0], MASS=500, ID=281, MAXENERGY=100.0, TYPE=Ship, TIMEALIVE=4.739999999999987, HITRADIUS=28.0, DIRECTION=-0.0, ROTATIONSPEED=120.0, GRAVITY=0, CURSHIELD=100.0, NAME=arachnidsGrip, MAXSPEED=100.0, GRAVITYFIELDLENGTH=0, CURENERGY=100.0})
Message received from 0 intended for 43 - 
  ENV(MESSAGES: [], GAMEINFO: {Score: 0.000000; Deaths: 0; High Score: 0.000000}, RADARLEVEL: 0, RADARDATA: null, SHIPDATA: {ROTATION=148.0, OWNERID=0, ENERGYRECHARGERATE=4.0, VALUE=0.0, MAXSHIELD=100.0, RADARRANGE=300, NUMSTORED=0, MAXHEALTH=100.0, CURHEALTH=100.0, SPEED=0.0, POSITION=[1399.0, 178.0], MASS=500, ID=281, MAXENERGY=100.0, TYPE=Ship, TIMEALIVE=4.819999999999985, HITRADIUS=28.0, DIRECTION=-0.0, ROTATIONSPEED=120.0, GRAVITY=0, CURSHIELD=100.0, NAME=arachnidsGrip, MAXSPEED=100.0, GRAVITYFIELDLENGTH=0, CURENERGY=100.0})
Message received from 0 intended for 43 - 
  ENV(MESSAGES: [], GAMEINFO: {Score: 0.000000; Deaths: 0; High Score: 0.000000}, RADARLEVEL: 0, RADARDATA: null, SHIPDATA: {ROTATION=148.0, OWNERID=0, ENERGYRECHARGERATE=4.0, VALUE=0.0, MAXSHIELD=100.0, RADARRANGE=300, NUMSTORED=0, MAXHEALTH=100.0, CURHEALTH=100.0, SPEED=0.0, POSITION=[1399.0, 178.0], MASS=500, ID=281, MAXENERGY=100.0, TYPE=Ship, TIMEALIVE=4.879999999999984, HITRADIUS=28.0, DIRECTION=-0.0, ROTATIONSPEED=120.0, GRAVITY=0, CURSHIELD=100.0, NAME=arachnidsGrip, MAXSPEED=100.0, GRAVITYFIELDLENGTH=0, CURENERGY=100.0})
Message received from 0 intended for 43 - 
  ENV(MESSAGES: [], GAMEINFO: {Score: 0.000000; Deaths: 0; High Score: 0.000000}, RADARLEVEL: 0, RADARDATA: null, SHIPDATA: {ROTATION=148.0, OWNERID=0, ENERGYRECHARGERATE=4.0, VALUE=0.0, MAXSHIELD=100.0, RADARRANGE=300, NUMSTORED=0, MAXHEALTH=100.0, CURHEALTH=100.0, SPEED=0.0, POSITION=[1399.0, 178.0], MASS=500, ID=281, MAXENERGY=100.0, TYPE=Ship, TIMEALIVE=4.939999999999983, HITRADIUS=28.0, DIRECTION=-0.0, ROTATIONSPEED=120.0, GRAVITY=0, CURSHIELD=100.0, NAME=arachnidsGrip, MAXSPEED=100.0, GRAVITYFIELDLENGTH=0, CURENERGY=100.0})
Message received from 0 intended for 43 - 
  ENV(MESSAGES: [], GAMEINFO: {Score: 0.000000; Deaths: 0; High Score: 0.000000}, RADARLEVEL: 0, RADARDATA: null, SHIPDATA: {ROTATION=148.0, OWNERID=0, ENERGYRECHARGERATE=4.0, VALUE=0.0, MAXSHIELD=100.0, RADARRANGE=300, NUMSTORED=0, MAXHEALTH=100.0, CURHEALTH=100.0, SPEED=0.0, POSITION=[1399.0, 178.0], MASS=500, ID=281, MAXENERGY=100.0, TYPE=Ship, TIMEALIVE=4.999999999999981, HITRADIUS=28.0, DIRECTION=-0.0, ROTATIONSPEED=120.0, GRAVITY=0, CURSHIELD=100.0, NAME=arachnidsGrip, MAXSPEED=100.0, GRAVITYFIELDLENGTH=0, CURENERGY=100.0})
Message received from 0 intended for 43 - 
  ENV(MESSAGES: [], GAMEINFO: {Score: 0.000000; Deaths: 0; High Score: 0.000000}, RADARLEVEL: 0, RADARDATA: null, SHIPDATA: {ROTATION=148.0, OWNERID=0, ENERGYRECHARGERATE=4.0, VALUE=0.0, MAXSHIELD=100.0, RADARRANGE=300, NUMSTORED=0, MAXHEALTH=100.0, CURHEALTH=100.0, SPEED=0.0, POSITION=[1399.0, 178.0], MASS=500, ID=281, MAXENERGY=100.0, TYPE=Ship, TIMEALIVE=5.05999999999998, HITRADIUS=28.0, DIRECTION=-0.0, ROTATIONSPEED=120.0, GRAVITY=0, CURSHIELD=100.0, NAME=arachnidsGrip, MAXSPEED=100.0, GRAVITYFIELDLENGTH=0, CURENERGY=100.0})
Message received from 0 intended for 43 - 
  ENV(MESSAGES: [], GAMEINFO: {Score: 0.000000; Deaths: 0; High Score: 0.000000}, RADARLEVEL: 0, RADARDATA: null, SHIPDATA: {ROTATION=148.0, OWNERID=0, ENERGYRECHARGERATE=4.0, VALUE=0.0, MAXSHIELD=100.0, RADARRANGE=300, NUMSTORED=0, MAXHEALTH=100.0, CURHEALTH=100.0, SPEED=0.0, POSITION=[1399.0, 178.0], MASS=500, ID=281, MAXENERGY=100.0, TYPE=Ship, TIMEALIVE=5.139999999999978, HITRADIUS=28.0, DIRECTION=-0.0, ROTATIONSPEED=120.0, GRAVITY=0, CURSHIELD=100.0, NAME=arachnidsGrip, MAXSPEED=100.0, GRAVITYFIELDLENGTH=0, CURENERGY=100.0})
Message received from 0 intended for 43 - 
  ENV(MESSAGES: [], GAMEINFO: {Score: 0.000000; Deaths: 0; High Score: 0.000000}, RADARLEVEL: 0, RADARDATA: null, SHIPDATA: {ROTATION=148.0, OWNERID=0, ENERGYRECHARGERATE=4.0, VALUE=0.0, MAXSHIELD=100.0, RADARRANGE=300, NUMSTORED=0, MAXHEALTH=100.0, CURHEALTH=100.0, SPEED=0.0, POSITION=[1399.0, 178.0], MASS=500, ID=281, MAXENERGY=100.0, TYPE=Ship, TIMEALIVE=5.199999999999977, HITRADIUS=28.0, DIRECTION=-0.0, ROTATIONSPEED=120.0, GRAVITY=0, CURSHIELD=100.0, NAME=arachnidsGrip, MAXSPEED=100.0, GRAVITYFIELDLENGTH=0, CURENERGY=100.0})
Message received from 0 intended for 43 - 
  ENV(MESSAGES: [], GAMEINFO: {Score: 0.000000; Deaths: 0; High Score: 0.000000}, RADARLEVEL: 0, RADARDATA: null, SHIPDATA: {ROTATION=148.0, OWNERID=0, ENERGYRECHARGERATE=4.0, VALUE=0.0, MAXSHIELD=100.0, RADARRANGE=300, NUMSTORED=0, MAXHEALTH=100.0, CURHEALTH=100.0, SPEED=0.0, POSITION=[1399.0, 178.0], MASS=500, ID=281, MAXENERGY=100.0, TYPE=Ship, TIMEALIVE=5.259999999999976, HITRADIUS=28.0, DIRECTION=-0.0, ROTATIONSPEED=120.0, GRAVITY=0, CURSHIELD=100.0, NAME=arachnidsGrip, MAXSPEED=100.0, GRAVITYFIELDLENGTH=0, CURENERGY=100.0})
Message received from 0 intended for 43 - 
  ENV(MESSAGES: [], GAMEINFO: {Score: 0.000000; Deaths: 0; High Score: 0.000000}, RADARLEVEL: 0, RADARDATA: null, SHIPDATA: {ROTATION=148.0, OWNERID=0, ENERGYRECHARGERATE=4.0, VALUE=0.0, MAXSHIELD=100.0, RADARRANGE=300, NUMSTORED=0, MAXHEALTH=100.0, CURHEALTH=100.0, SPEED=0.0, POSITION=[1399.0, 178.0], MASS=500, ID=281, MAXENERGY=100.0, TYPE=Ship, TIMEALIVE=5.3199999999999745, HITRADIUS=28.0, DIRECTION=-0.0, ROTATIONSPEED=120.0, GRAVITY=0, CURSHIELD=100.0, NAME=arachnidsGrip, MAXSPEED=100.0, GRAVITYFIELDLENGTH=0, CURENERGY=100.0})
Message received from 0 intended for 43 - 
  ENV(MESSAGES: [], GAMEINFO: {Score: 0.000000; Deaths: 0; High Score: 0.000000}, RADARLEVEL: 0, RADARDATA: null, SHIPDATA: {ROTATION=148.0, OWNERID=0, ENERGYRECHARGERATE=4.0, VALUE=0.0, MAXSHIELD=100.0, RADARRANGE=300, NUMSTORED=0, MAXHEALTH=100.0, CURHEALTH=100.0, SPEED=0.0, POSITION=[1399.0, 178.0], MASS=500, ID=281, MAXENERGY=100.0, TYPE=Ship, TIMEALIVE=5.379999999999973, HITRADIUS=28.0, DIRECTION=-0.0, ROTATIONSPEED=120.0, GRAVITY=0, CURSHIELD=100.0, NAME=arachnidsGrip, MAXSPEED=100.0, GRAVITYFIELDLENGTH=0, CURENERGY=100.0})
Message received from 0 intended for 43 - 
  ENV(MESSAGES: [], GAMEINFO: {Score: 0.000000; Deaths: 0; High Score: 0.000000}, RADARLEVEL: 0, RADARDATA: null, SHIPDATA: {ROTATION=148.0, OWNERID=0, ENERGYRECHARGERATE=4.0, VALUE=0.0, MAXSHIELD=100.0, RADARRANGE=300, NUMSTORED=0, MAXHEALTH=100.0, CURHEALTH=100.0, SPEED=0.0, POSITION=[1399.0, 178.0], MASS=500, ID=281, MAXENERGY=100.0, TYPE=Ship, TIMEALIVE=5.439999999999972, HITRADIUS=28.0, DIRECTION=-0.0, ROTATIONSPEED=120.0, GRAVITY=0, CURSHIELD=100.0, NAME=arachnidsGrip, MAXSPEED=100.0, GRAVITYFIELDLENGTH=0, CURENERGY=100.0})
Message received from 0 intended for 43 - 
  ENV(MESSAGES: [], GAMEINFO: {Score: 0.000000; Deaths: 0; High Score: 0.000000}, RADARLEVEL: 0, RADARDATA: null, SHIPDATA: {ROTATION=148.0, OWNERID=0, ENERGYRECHARGERATE=4.0, VALUE=0.0, MAXSHIELD=100.0, RADARRANGE=300, NUMSTORED=0, MAXHEALTH=100.0, CURHEALTH=100.0, SPEED=0.0, POSITION=[1399.0, 178.0], MASS=500, ID=281, MAXENERGY=100.0, TYPE=Ship, TIMEALIVE=5.499999999999971, HITRADIUS=28.0, DIRECTION=-0.0, ROTATIONSPEED=120.0, GRAVITY=0, CURSHIELD=100.0, NAME=arachnidsGrip, MAXSPEED=100.0, GRAVITYFIELDLENGTH=0, CURENERGY=100.0})
Message received from 0 intended for 43 - 
  ENV(MESSAGES: [], GAMEINFO: {Score: 0.000000; Deaths: 0; High Score: 0.000000}, RADARLEVEL: 0, RADARDATA: null, SHIPDATA: {ROTATION=148.0, OWNERID=0, ENERGYRECHARGERATE=4.0, VALUE=0.0, MAXSHIELD=100.0, RADARRANGE=300, NUMSTORED=0, MAXHEALTH=100.0, CURHEALTH=100.0, SPEED=0.0, POSITION=[1399.0, 178.0], MASS=500, ID=281, MAXENERGY=100.0, TYPE=Ship, TIMEALIVE=5.559999999999969, HITRADIUS=28.0, DIRECTION=-0.0, ROTATIONSPEED=120.0, GRAVITY=0, CURSHIELD=100.0, NAME=arachnidsGrip, MAXSPEED=100.0, GRAVITYFIELDLENGTH=0, CURENERGY=100.0})
Message received from 0 intended for 43 - 
  ENV(MESSAGES: [], GAMEINFO: {Score: 0.000000; Deaths: 0; High Score: 0.000000}, RADARLEVEL: 0, RADARDATA: null, SHIPDATA: {ROTATION=148.0, OWNERID=0, ENERGYRECHARGERATE=4.0, VALUE=0.0, MAXSHIELD=100.0, RADARRANGE=300, NUMSTORED=0, MAXHEALTH=100.0, CURHEALTH=100.0, SPEED=0.0, POSITION=[1399.0, 178.0], MASS=500, ID=281, MAXENERGY=100.0, TYPE=Ship, TIMEALIVE=5.579999999999969, HITRADIUS=28.0, DIRECTION=-0.0, ROTATIONSPEED=120.0, GRAVITY=0, CURSHIELD=100.0, NAME=arachnidsGrip, MAXSPEED=100.0, GRAVITYFIELDLENGTH=0, CURENERGY=100.0})
Message received from 0 intended for 43 - 
  ENV(MESSAGES: [], GAMEINFO: {Score: 0.000000; Deaths: 0; High Score: 0.000000}, RADARLEVEL: 0, RADARDATA: null, SHIPDATA: {ROTATION=148.0, OWNERID=0, ENERGYRECHARGERATE=4.0, VALUE=0.0, MAXSHIELD=100.0, RADARRANGE=300, NUMSTORED=0, MAXHEALTH=100.0, CURHEALTH=100.0, SPEED=0.0, POSITION=[1399.0, 178.0], MASS=500, ID=281, MAXENERGY=100.0, TYPE=Ship, TIMEALIVE=5.619999999999968, HITRADIUS=28.0, DIRECTION=-0.0, ROTATIONSPEED=120.0, GRAVITY=0, CURSHIELD=100.0, NAME=arachnidsGrip, MAXSPEED=100.0, GRAVITYFIELDLENGTH=0, CURENERGY=100.0})
Message received from 0 intended for 43 - 
  ENV(MESSAGES: [], GAMEINFO: {Score: 0.000000; Deaths: 0; High Score: 0.000000}, RADARLEVEL: 0, RADARDATA: null, SHIPDATA: {ROTATION=148.0, OWNERID=0, ENERGYRECHARGERATE=4.0, VALUE=0.0, MAXSHIELD=100.0, RADARRANGE=300, NUMSTORED=0, MAXHEALTH=100.0, CURHEALTH=100.0, SPEED=0.0, POSITION=[1399.0, 178.0], MASS=500, ID=281, MAXENERGY=100.0, TYPE=Ship, TIMEALIVE=5.659999999999967, HITRADIUS=28.0, DIRECTION=-0.0, ROTATIONSPEED=120.0, GRAVITY=0, CURSHIELD=100.0, NAME=arachnidsGrip, MAXSPEED=100.0, GRAVITYFIELDLENGTH=0, CURENERGY=100.0})
Message received from 0 intended for 43 - 
  ENV(MESSAGES: [], GAMEINFO: {Score: 0.000000; Deaths: 0; High Score: 0.000000}, RADARLEVEL: 0, RADARDATA: null, SHIPDATA: {ROTATION=148.0, OWNERID=0, ENERGYRECHARGERATE=4.0, VALUE=0.0, MAXSHIELD=100.0, RADARRANGE=300, NUMSTORED=0, MAXHEALTH=100.0, CURHEALTH=100.0, SPEED=0.0, POSITION=[1399.0, 178.0], MASS=500, ID=281, MAXENERGY=100.0, TYPE=Ship, TIMEALIVE=5.679999999999967, HITRADIUS=28.0, DIRECTION=-0.0, ROTATIONSPEED=120.0, GRAVITY=0, CURSHIELD=100.0, NAME=arachnidsGrip, MAXSPEED=100.0, GRAVITYFIELDLENGTH=0, CURENERGY=100.0})
